2020-12-27 16:15:23 conftest.py [line:25] INFO>开始add计算***************************
2020-12-27 16:15:23 test_work2.py [line:13] INFO>计算正确:计算得出3,比较值3
2020-12-27 16:15:23 conftest.py [line:28] INFO>结束add计算***************************
2020-12-27 16:15:23 conftest.py [line:25] INFO>开始add计算***************************
2020-12-27 16:15:23 test_work2.py [line:13] INFO>计算正确:计算得出9,比较值9
2020-12-27 16:15:23 conftest.py [line:41] INFO>开始sub计算***************************
2020-12-27 16:15:23 test_work2.py [line:27] INFO>计算正确:计算得出-1,比较值-1
2020-12-27 16:15:23 conftest.py [line:44] INFO>结束sub计算***************************
2020-12-27 16:15:23 conftest.py [line:41] INFO>开始sub计算***************************
2020-12-27 16:15:23 test_work2.py [line:27] INFO>计算正确:计算得出1,比较值1
2020-12-27 16:15:23 conftest.py [line:49] INFO>开始mul计算***************************
2020-12-27 16:15:23 test_work2.py [line:34] INFO>计算正确:计算得出2,比较值2
2020-12-27 16:15:23 conftest.py [line:52] INFO>结束mul计算***************************
2020-12-27 16:15:23 conftest.py [line:49] INFO>开始mul计算***************************
2020-12-27 16:15:23 test_work2.py [line:34] INFO>计算正确:计算得出20,比较值20
2020-12-27 16:15:23 conftest.py [line:33] INFO>开始divi计算***************************
2020-12-27 16:15:23 test_work2.py [line:20] INFO>计算正确:计算得出0.5,比较值0.5
2020-12-27 16:15:23 conftest.py [line:36] INFO>结束divi计算***************************
2020-12-27 16:15:23 conftest.py [line:33] INFO>开始divi计算***************************
2020-12-27 16:15:23 test_work2.py [line:20] INFO>计算正确:计算得出2.0,比较值2
2020-12-27 16:15:23 conftest.py [line:36] INFO>结束divi计算***************************
2020-12-27 16:15:23 conftest.py [line:52] INFO>结束mul计算***************************
2020-12-27 16:15:23 conftest.py [line:44] INFO>结束sub计算***************************
2020-12-27 16:15:23 conftest.py [line:28] INFO>结束add计算***************************
